<?xml version="1.0" encoding="UTF-8"?>
<!-- Generated by org.testng.reporters.JUnitXMLReporter -->
<testsuite ignored="0" hostname="Sumits-MacBook-Air.local" failures="0" tests="4" name="Command line test" time="13.193" errors="0" timestamp="2021-01-25T01:54:04 PST">
  <testcase classname="com.wiki.tests.WikiPageTest" name="verifyAllTheHeadingNamesListedInContentBox" time="0.501"/>
  <testcase classname="com.wiki.tests.WikiPageTest" name="headingListedInContentBoxHaveFunctioningHyperlinks" time="0.43"/>
  <testcase classname="com.wiki.tests.WikiPageTest" name="verifyPersonifiedzconceptsNikeHasAPopup" time="5.253"/>
  <testcase classname="com.wiki.tests.WikiPageTest" name="verifyInThePersonifiedConceptsClickOnNikeDisplaysAFamilyTree" time="0.703"/>
</testsuite> <!-- Command line test -->
